<?xml version="1.0" encoding="UTF-8"?>
<testng-results skipped="0" failed="0" ignored="0" total="1" passed="1">
  <reporter-output>
  </reporter-output>
  <suite name="Suite" duration-ms="40363" started-at="2018-09-16T18:56:56Z" finished-at="2018-09-16T18:57:36Z">
    <groups>
      <group name="cucumber">
        <method signature="AbstractTestNGCucumberTests.feature(cucumber.api.testng.CucumberFeatureWrapper)[pri:0, instance:start.runner@2f686d1f]" name="feature" class="cucumber.api.testng.AbstractTestNGCucumberTests"/>
      </group> <!-- cucumber -->
    </groups>
    <test name="Test" duration-ms="40363" started-at="2018-09-16T18:56:56Z" finished-at="2018-09-16T18:57:36Z">
      <class name="start.runner">
        <test-method status="PASS" signature="setUpClass()[pri:0, instance:start.runner@2f686d1f]" name="setUpClass" is-config="true" duration-ms="596" started-at="2018-09-17T00:26:56Z" finished-at="2018-09-17T00:26:57Z">
          <reporter-output>
          </reporter-output>
        </test-method> <!-- setUpClass -->
        <test-method status="PASS" signature="feature(cucumber.api.testng.CucumberFeatureWrapper)[pri:0, instance:start.runner@2f686d1f]" name="feature" duration-ms="39230" started-at="2018-09-17T00:26:57Z" description="Runs Cucumber Feature" data-provider="features" finished-at="2018-09-17T00:27:36Z">
          <params>
            <param index="0">
              <value>
                <![CDATA[Auto Appium Starting]]>
              </value>
            </param>
          </params>
          <reporter-output>
          </reporter-output>
        </test-method> <!-- feature -->
        <test-method status="PASS" signature="tearDownClass()[pri:0, instance:start.runner@2f686d1f]" name="tearDownClass" is-config="true" duration-ms="300" started-at="2018-09-17T00:27:36Z" finished-at="2018-09-17T00:27:36Z">
          <reporter-output>
          </reporter-output>
        </test-method> <!-- tearDownClass -->
      </class> <!-- start.runner -->
    </test> <!-- Test -->
  </suite> <!-- Suite -->
</testng-results>
